library paths:
... D:/Users/agre6595/Dropbox/R apps/MyApplication/app/library
... D:/Users/agre6595/Dropbox/R apps/MyApplication/dist/R-Portable/App/R-Portable/library
working path:
... D:/Users/agre6595/Dropbox/R apps/MyApplication
Loading required package: methods
ensuring packages: jsonlite, shiny, bipartite
also installing the dependencies 'Rcpp', 'httpuv', 'mime', 'xtable', 'digest', 'htmltools', 'R6', 'sourcetools'

trying URL 'http://cran.rstudio.com/bin/windows/contrib/3.4/Rcpp_0.12.14.zip'
Content type 'application/zip' length 4359101 bytes (4.2 MB)
==================================================
downloaded 4.2 MB

trying URL 'http://cran.rstudio.com/bin/windows/contrib/3.4/httpuv_1.3.5.zip'
Content type 'application/zip' length 933308 bytes (911 KB)
==================================================
downloaded 911 KB

trying URL 'http://cran.rstudio.com/bin/windows/contrib/3.4/mime_0.5.zip'
Content type 'application/zip' length 38061 bytes (37 KB)
==================================================
downloaded 37 KB

trying URL 'http://cran.rstudio.com/bin/windows/contrib/3.4/xtable_1.8-2.zip'
Content type 'application/zip' length 710142 bytes (693 KB)
==================================================
downloaded 693 KB

trying URL 'http://cran.rstudio.com/bin/windows/contrib/3.4/digest_0.6.14.zip'
Content type 'application/zip' length 174078 bytes (169 KB)
==================================================
downloaded 169 KB

trying URL 'http://cran.rstudio.com/bin/windows/contrib/3.4/htmltools_0.3.6.zip'
Content type 'application/zip' length 618433 bytes (603 KB)
==================================================
downloaded 603 KB

trying URL 'http://cran.rstudio.com/bin/windows/contrib/3.4/R6_2.2.2.zip'
Content type 'application/zip' length 316802 bytes (309 KB)
==================================================
downloaded 309 KB

trying URL 'http://cran.rstudio.com/bin/windows/contrib/3.4/sourcetools_0.1.6.zip'
Content type 'application/zip' length 528090 bytes (515 KB)
==================================================
downloaded 515 KB

trying URL 'http://cran.rstudio.com/bin/windows/contrib/3.4/shiny_1.0.5.zip'
Content type 'application/zip' length 2834205 bytes (2.7 MB)
==================================================
downloaded 2.7 MB

package 'Rcpp' successfully unpacked and MD5 sums checked
package 'httpuv' successfully unpacked and MD5 sums checked
package 'mime' successfully unpacked and MD5 sums checked
package 'xtable' successfully unpacked and MD5 sums checked
package 'digest' successfully unpacked and MD5 sums checked
package 'htmltools' successfully unpacked and MD5 sums checked
package 'R6' successfully unpacked and MD5 sums checked
package 'sourcetools' successfully unpacked and MD5 sums checked
package 'shiny' successfully unpacked and MD5 sums checked

The downloaded binary packages are in
	C:\Users\agre6595\AppData\Local\Temp\RtmpEryd72\downloaded_packages
also installing the dependencies 'dotCall64', 'statnet.common', 'network', 'spam', 'maps', 'irlba', 'magrittr', 'pkgconfig', 'vegan', 'sna', 'fields', 'igraph', 'permute'

trying URL 'http://cran.rstudio.com/bin/windows/contrib/3.4/dotCall64_0.9-5.2.zip'
Content type 'application/zip' length 121341 bytes (118 KB)
==================================================
downloaded 118 KB

trying URL 'http://cran.rstudio.com/bin/windows/contrib/3.4/statnet.common_4.0.0.zip'
Content type 'application/zip' length 114258 bytes (111 KB)
==================================================
downloaded 111 KB

trying URL 'http://cran.rstudio.com/bin/windows/contrib/3.4/network_1.13.0.zip'
Content type 'application/zip' length 662297 bytes (646 KB)
==================================================
downloaded 646 KB

trying URL 'http://cran.rstudio.com/bin/windows/contrib/3.4/spam_2.1-2.zip'
Content type 'application/zip' length 1895363 bytes (1.8 MB)
==================================================
downloaded 1.8 MB

trying URL 'http://cran.rstudio.com/bin/windows/contrib/3.4/maps_3.2.0.zip'
Content type 'application/zip' length 3631159 bytes (3.5 MB)
==================================================
downloaded 3.5 MB

trying URL 'http://cran.rstudio.com/bin/windows/contrib/3.4/irlba_2.3.2.zip'
Content type 'application/zip' length 279980 bytes (273 KB)
==================================================
downloaded 273 KB

trying URL 'http://cran.rstudio.com/bin/windows/contrib/3.4/magrittr_1.5.zip'
Content type 'application/zip' length 155715 bytes (152 KB)
==================================================
downloaded 152 KB

trying URL 'http://cran.rstudio.com/bin/windows/contrib/3.4/pkgconfig_2.0.1.zip'
Content type 'application/zip' length 20038 bytes (19 KB)
==================================================
downloaded 19 KB

trying URL 'http://cran.rstudio.com/bin/windows/contrib/3.4/vegan_2.4-5.zip'
Content type 'application/zip' length 2927767 bytes (2.8 MB)
==================================================
downloaded 2.8 MB

trying URL 'http://cran.rstudio.com/bin/windows/contrib/3.4/sna_2.4.zip'
Content type 'application/zip' length 883455 bytes (862 KB)
==================================================
downloaded 862 KB

trying URL 'http://cran.rstudio.com/bin/windows/contrib/3.4/fields_9.0.zip'
Content type 'application/zip' length 3610453 bytes (3.4 MB)
==================================================
downloaded 3.4 MB

trying URL 'http://cran.rstudio.com/bin/windows/contrib/3.4/igraph_1.1.2.zip'
Content type 'application/zip' length 8245592 bytes (7.9 MB)
==================================================
downloaded 7.9 MB

trying URL 'http://cran.rstudio.com/bin/windows/contrib/3.4/permute_0.9-4.zip'
Content type 'application/zip' length 503623 bytes (491 KB)
==================================================
downloaded 491 KB

trying URL 'http://cran.rstudio.com/bin/windows/contrib/3.4/bipartite_2.08.zip'
Content type 'application/zip' length 3621457 bytes (3.5 MB)
==================================================
downloaded 3.5 MB

package 'dotCall64' successfully unpacked and MD5 sums checked
package 'statnet.common' successfully unpacked and MD5 sums checked
package 'network' successfully unpacked and MD5 sums checked
package 'spam' successfully unpacked and MD5 sums checked
package 'maps' successfully unpacked and MD5 sums checked
package 'irlba' successfully unpacked and MD5 sums checked
package 'magrittr' successfully unpacked and MD5 sums checked
package 'pkgconfig' successfully unpacked and MD5 sums checked
package 'vegan' successfully unpacked and MD5 sums checked
package 'sna' successfully unpacked and MD5 sums checked
package 'fields' successfully unpacked and MD5 sums checked
package 'igraph' successfully unpacked and MD5 sums checked
package 'permute' successfully unpacked and MD5 sums checked
package 'bipartite' successfully unpacked and MD5 sums checked

The downloaded binary packages are in
	C:\Users\agre6595\AppData\Local\Temp\RtmpEryd72\downloaded_packages

Attaching package: 'shiny'

The following object is masked from 'package:jsonlite':

    validate

Loading required package: vegan
Loading required package: permute
Loading required package: lattice
This is vegan 2.4-5
Loading required package: sna
Loading required package: statnet.common

Attaching package: 'statnet.common'

The following object is masked from 'package:base':

    order

Loading required package: network
network: Classes for Relational Data
Version 1.13.0 created on 2015-08-31.
copyright (c) 2005, Carter T. Butts, University of California-Irvine
                    Mark S. Handcock, University of California -- Los Angeles
                    David R. Hunter, Penn State University
                    Martina Morris, University of Washington
                    Skye Bender-deMoll, University of Washington
 For citation information, type citation("network").
 Type help("network-package") to get started.

sna: Tools for Social Network Analysis
Version 2.4 created on 2016-07-23.
copyright (c) 2005, Carter T. Butts, University of California-Irvine
 For citation information, type citation("sna").
 Type help(package="sna") to get started.

 This is bipartite 2.08
 For latest changes see versionlog in  ?"bipartite-package".
 For citation see: citation("bipartite").
 Have a nice time plotting and analysing two-mode networks.


Attaching package: 'bipartite'

The following object is masked from 'package:vegan':

    nullmodel


Listening on http://127.0.0.1:5083
